<?xml version="1.0" encoding="UTF-8"?>
<testng-results ignored="0" total="3" passed="3" failed="0" skipped="0">
  <reporter-output>
  </reporter-output>
  <suite started-at="2023-08-31T22:25:25 IST" name="Suite" finished-at="2023-08-31T22:25:44 IST" duration-ms="19574">
    <groups>
      <group name="cucumber">
        <method signature="AbstractTestNGCucumberTests.runScenario(io.cucumber.testng.PickleWrapper,io.cucumber.testng.FeatureWrapper)[pri:0, instance:testcase.C_POM_Login@17f62e33]" name="runScenario" class="io.cucumber.testng.AbstractTestNGCucumberTests"/>
        <method signature="AbstractTestNGCucumberTests.runScenario(io.cucumber.testng.PickleWrapper,io.cucumber.testng.FeatureWrapper)[pri:0, instance:testcase.TC_0011@53fe15ff]" name="runScenario" class="io.cucumber.testng.AbstractTestNGCucumberTests"/>
      </group> <!-- cucumber -->
    </groups>
    <test started-at="2023-08-31T22:25:25 IST" name="Test" finished-at="2023-08-31T22:25:44 IST" duration-ms="19574">
      <class name="testcase.C_POM_Login">
        <test-method is-config="true" signature="setUpClass(org.testng.ITestContext)[pri:0, instance:testcase.C_POM_Login@17f62e33]" started-at="2023-08-31T22:25:36 IST" name="setUpClass" finished-at="2023-08-31T22:25:36 IST" duration-ms="165" status="PASS">
          <params>
            <param index="0">
              <value>
                <![CDATA[org.testng.TestRunner@65bdd558]]>
              </value>
            </param>
          </params>
          <reporter-output>
          </reporter-output>
        </test-method> <!-- setUpClass -->
        <test-method is-config="true" signature="preCondition()[pri:0, instance:testcase.C_POM_Login@17f62e33]" started-at="2023-08-31T22:25:36 IST" name="preCondition" finished-at="2023-08-31T22:25:42 IST" duration-ms="5795" status="PASS">
          <reporter-output>
          </reporter-output>
        </test-method> <!-- preCondition -->
        <test-method is-config="true" signature="preCondition()[pri:0, instance:testcase.C_POM_Login@17f62e33]" started-at="2023-08-31T22:25:36 IST" name="preCondition" finished-at="2023-08-31T22:25:42 IST" duration-ms="5701" status="PASS">
          <reporter-output>
          </reporter-output>
        </test-method> <!-- preCondition -->
        <test-method signature="runScenario(io.cucumber.testng.PickleWrapper,io.cucumber.testng.FeatureWrapper)[pri:0, instance:testcase.C_POM_Login@17f62e33]" started-at="2023-08-31T22:25:42 IST" name="runScenario" description="Runs Cucumber Scenarios" data-provider="scenarios" finished-at="2023-08-31T22:25:44 IST" duration-ms="1911" status="PASS">
          <params>
            <param index="0">
              <value>
                <![CDATA["Login Functionality"]]>
              </value>
            </param>
            <param index="1">
              <value>
                <![CDATA["POM with Cucumber"]]>
              </value>
            </param>
          </params>
          <reporter-output>
          </reporter-output>
        </test-method> <!-- runScenario -->
        <test-method signature="runScenario(io.cucumber.testng.PickleWrapper,io.cucumber.testng.FeatureWrapper)[pri:0, instance:testcase.C_POM_Login@17f62e33]" started-at="2023-08-31T22:25:42 IST" name="runScenario" description="Runs Cucumber Scenarios" data-provider="scenarios" finished-at="2023-08-31T22:25:43 IST" duration-ms="1002" status="PASS">
          <params>
            <param index="0">
              <value>
                <![CDATA["Login Functionality"]]>
              </value>
            </param>
            <param index="1">
              <value>
                <![CDATA["POM with Cucumber"]]>
              </value>
            </param>
          </params>
          <reporter-output>
          </reporter-output>
        </test-method> <!-- runScenario -->
        <test-method is-config="true" signature="postCondition()[pri:0, instance:testcase.C_POM_Login@17f62e33]" started-at="2023-08-31T22:25:43 IST" name="postCondition" finished-at="2023-08-31T22:25:44 IST" duration-ms="547" status="PASS">
          <reporter-output>
          </reporter-output>
        </test-method> <!-- postCondition -->
        <test-method is-config="true" signature="postCondition()[pri:0, instance:testcase.C_POM_Login@17f62e33]" started-at="2023-08-31T22:25:44 IST" name="postCondition" finished-at="2023-08-31T22:25:44 IST" duration-ms="355" status="PASS">
          <reporter-output>
          </reporter-output>
        </test-method> <!-- postCondition -->
        <test-method is-config="true" signature="tearDownClass()[pri:0, instance:testcase.C_POM_Login@17f62e33]" started-at="2023-08-31T22:25:44 IST" name="tearDownClass" finished-at="2023-08-31T22:25:44 IST" duration-ms="6" status="PASS">
          <reporter-output>
          </reporter-output>
        </test-method> <!-- tearDownClass -->
      </class> <!-- testcase.C_POM_Login -->
      <class name="testcase.TC_0011">
        <test-method is-config="true" signature="setUpClass(org.testng.ITestContext)[pri:0, instance:testcase.TC_0011@53fe15ff]" started-at="2023-08-31T22:25:25 IST" name="setUpClass" finished-at="2023-08-31T22:25:25 IST" duration-ms="387" status="PASS">
          <params>
            <param index="0">
              <value>
                <![CDATA[org.testng.TestRunner@65bdd558]]>
              </value>
            </param>
          </params>
          <reporter-output>
          </reporter-output>
        </test-method> <!-- setUpClass -->
        <test-method is-config="true" signature="preCondition()[pri:0, instance:testcase.TC_0011@53fe15ff]" started-at="2023-08-31T22:25:25 IST" name="preCondition" finished-at="2023-08-31T22:25:33 IST" duration-ms="7331" status="PASS">
          <reporter-output>
          </reporter-output>
        </test-method> <!-- preCondition -->
        <test-method signature="loginData()[pri:0, instance:testcase.TC_0011@53fe15ff]" started-at="2023-08-31T22:25:33 IST" name="loginData" finished-at="2023-08-31T22:25:36 IST" duration-ms="3261" status="PASS">
          <reporter-output>
          </reporter-output>
        </test-method> <!-- loginData -->
        <test-method is-config="true" signature="postCondition()[pri:0, instance:testcase.TC_0011@53fe15ff]" started-at="2023-08-31T22:25:36 IST" name="postCondition" finished-at="2023-08-31T22:25:36 IST" duration-ms="352" status="PASS">
          <reporter-output>
          </reporter-output>
        </test-method> <!-- postCondition -->
        <test-method is-config="true" signature="tearDownClass()[pri:0, instance:testcase.TC_0011@53fe15ff]" started-at="2023-08-31T22:25:36 IST" name="tearDownClass" finished-at="2023-08-31T22:25:36 IST" duration-ms="23" status="PASS">
          <reporter-output>
          </reporter-output>
        </test-method> <!-- tearDownClass -->
      </class> <!-- testcase.TC_0011 -->
    </test> <!-- Test -->
  </suite> <!-- Suite -->
</testng-results>
