<?xml version="1.0" encoding="UTF-8"?>
<!-- Generated by org.testng.reporters.JUnitXMLReporter -->
<testsuite ignored="0" hostname="TL1100" failures="0" tests="3" name="Test" time="19.574" errors="0" timestamp="2023-08-31T22:25:44 IST">
  <testcase classname="testcase.TC_0011" name="loginData" time="3.261"/>
  <testcase classname="io.cucumber.testng.AbstractTestNGCucumberTests" name="runScenario" time="1.002"/>
  <testcase classname="io.cucumber.testng.AbstractTestNGCucumberTests" name="runScenario" time="1.911"/>
</testsuite> <!-- Test -->
